<?xml version="1.0" encoding="UTF-8"?>
<!-- Generated by org.testng.reporters.JUnitXMLReporter -->
<testsuite ignored="0" hostname="LAPTOP-JKRBLPFM" failures="0" tests="3" name="Default test" time="17.144" errors="0" timestamp="2021-10-06T18:54:57 IST">
  <testcase classname="PageModel.PomRunner" name="forgetLinkTest" time="4.496"/>
  <testcase classname="PageModel.PomRunner" name="cancelButtonTest" time="0.874"/>
  <testcase classname="PageModel.PomRunner" name="doLoginTest" time="5.985"/>
</testsuite> <!-- Default test -->
